<?xml version="1.0" encoding="UTF-8"?>
<!-- Generated by org.testng.reporters.JUnitXMLReporter -->
<testsuite ignored="1" hostname="LAPTOP-6BVKQLLS" failures="0" tests="1" name="Default test" time="2.061" errors="0" timestamp="2025-01-05T19:31:16 IST">
  <testcase classname="restAssuredFramework.diffWaysToCreatePostRequestBody" name="testPOSTusingExternalJSONFile" time="2.029"/>
  <testcase classname="restAssuredFramework.diffWaysToCreatePostRequestBody" name="testDelete" time="0.0">
    <ignored/>
  </testcase> <!-- testDelete -->
</testsuite> <!-- Default test -->
